Loading: 
Loading: 0 packages loaded
Analyzing: 4 targets (1 packages loaded, 0 targets configured)
INFO: Analyzed 4 targets (32 packages loaded, 5225 targets configured).
INFO: Found 4 targets...
[2 / 17] [Prepa] BazelWorkspaceStatusAction stable-status.txt
SUBCOMMAND: # @rules_rust//util/process_wrapper:process_wrapper [action 'Compiling util/process_wrapper/utils.cc', configuration: bcd8854ceb32e13d45914db5f5797b1d2d30ac011481082021bc78935802aade, execution platform: @local_config_platform//:host]
(cd /home/photex/.cache/bazel/_bazel_photex/44cbb281fd1fa00427ac3e9c8eeccd6f/execroot/avp && \
  exec env - \
    PATH=/bin:/usr/bin:/usr/local/bin \
    PWD=/proc/self/cwd \
  build/toolchains/x86_64/wrappers/gcc -U_FORTIFY_SOURCE -fstack-protector -Wall -Wunused-but-set-parameter -Wno-free-nonheap-object -fno-omit-frame-pointer -g0 -O2 '-D_FORTIFY_SOURCE=1' -DNDEBUG -ffunction-sections -fdata-sections '-std=c++17' -MD -MF bazel-out/k8-opt-exec-2B5CBBC6/bin/external/rules_rust/util/process_wrapper/_objs/process_wrapper/utils.d '-frandom-seed=bazel-out/k8-opt-exec-2B5CBBC6/bin/external/rules_rust/util/process_wrapper/_objs/process_wrapper/utils.o' -iquote external/rules_rust -iquote bazel-out/k8-opt-exec-2B5CBBC6/bin/external/rules_rust -iquote external/bazel_tools -iquote bazel-out/k8-opt-exec-2B5CBBC6/bin/external/bazel_tools -g0 -g0 '--sysroot=external/toolchain_x86_64/x86_64-unknown-linux-gnu/sysroot' -fno-canonical-system-headers -Wno-builtin-macro-redefined '-D__DATE__="redacted"' '-D__TIMESTAMP__="redacted"' '-D__TIME__="redacted"' -isystem external/toolchain_x86_64/lib/gcc/x86_64-unknown-linux-gnu/11.2.0/include -isystem external/toolchain_x86_64/lib/gcc/x86_64-unknown-linux-gnu/11.2.0/include-fixed -isystem external/toolchain_x86_64/include -isystem external/toolchain_x86_64/x86_64-unknown-linux-gnu/sysroot/usr/include -isystem external/toolchain_x86_64/x86_64-unknown-linux-gnu/include/c++/11.2.0 -isystem external/toolchain_x86_64/x86_64-unknown-linux-gnu/include/c++/11.2.0/x86_64-unknown-linux-gnu -isystem external/toolchain_x86_64/x86_64-unknown-linux-gnu/include/c++/11.2.0/backward -c external/rules_rust/util/process_wrapper/utils.cc -o bazel-out/k8-opt-exec-2B5CBBC6/bin/external/rules_rust/util/process_wrapper/_objs/process_wrapper/utils.o)
SUBCOMMAND: # @rules_rust//util/process_wrapper:process_wrapper [action 'Compiling util/process_wrapper/process_wrapper.cc', configuration: bcd8854ceb32e13d45914db5f5797b1d2d30ac011481082021bc78935802aade, execution platform: @local_config_platform//:host]
(cd /home/photex/.cache/bazel/_bazel_photex/44cbb281fd1fa00427ac3e9c8eeccd6f/execroot/avp && \
  exec env - \
    PATH=/bin:/usr/bin:/usr/local/bin \
    PWD=/proc/self/cwd \
  build/toolchains/x86_64/wrappers/gcc -U_FORTIFY_SOURCE -fstack-protector -Wall -Wunused-but-set-parameter -Wno-free-nonheap-object -fno-omit-frame-pointer -g0 -O2 '-D_FORTIFY_SOURCE=1' -DNDEBUG -ffunction-sections -fdata-sections '-std=c++17' -MD -MF bazel-out/k8-opt-exec-2B5CBBC6/bin/external/rules_rust/util/process_wrapper/_objs/process_wrapper/process_wrapper.d '-frandom-seed=bazel-out/k8-opt-exec-2B5CBBC6/bin/external/rules_rust/util/process_wrapper/_objs/process_wrapper/process_wrapper.o' -iquote external/rules_rust -iquote bazel-out/k8-opt-exec-2B5CBBC6/bin/external/rules_rust -iquote external/bazel_tools -iquote bazel-out/k8-opt-exec-2B5CBBC6/bin/external/bazel_tools -g0 -g0 '--sysroot=external/toolchain_x86_64/x86_64-unknown-linux-gnu/sysroot' -fno-canonical-system-headers -Wno-builtin-macro-redefined '-D__DATE__="redacted"' '-D__TIMESTAMP__="redacted"' '-D__TIME__="redacted"' -isystem external/toolchain_x86_64/lib/gcc/x86_64-unknown-linux-gnu/11.2.0/include -isystem external/toolchain_x86_64/lib/gcc/x86_64-unknown-linux-gnu/11.2.0/include-fixed -isystem external/toolchain_x86_64/include -isystem external/toolchain_x86_64/x86_64-unknown-linux-gnu/sysroot/usr/include -isystem external/toolchain_x86_64/x86_64-unknown-linux-gnu/include/c++/11.2.0 -isystem external/toolchain_x86_64/x86_64-unknown-linux-gnu/include/c++/11.2.0/x86_64-unknown-linux-gnu -isystem external/toolchain_x86_64/x86_64-unknown-linux-gnu/include/c++/11.2.0/backward -c external/rules_rust/util/process_wrapper/process_wrapper.cc -o bazel-out/k8-opt-exec-2B5CBBC6/bin/external/rules_rust/util/process_wrapper/_objs/process_wrapper/process_wrapper.o)
SUBCOMMAND: # //build/toolchains/compilation_tests:hello_lib [action 'Compiling build/toolchains/compilation_tests/hello_lib.cc', configuration: fdf5b52dcec645a88a1ca5ac3b099921e9a82b373c7c33cb77426f4366a12bdc, execution platform: @local_config_platform//:host]
(cd /home/photex/.cache/bazel/_bazel_photex/44cbb281fd1fa00427ac3e9c8eeccd6f/execroot/avp && \
  exec env - \
    PATH=/bin:/usr/bin:/usr/local/bin \
    PWD=/proc/self/cwd \
  build/toolchains/x86_64/wrappers/gcc -U_FORTIFY_SOURCE -fstack-protector -Wall -Wunused-but-set-parameter -Wno-free-nonheap-object -fno-omit-frame-pointer '-std=c++17' -MD -MF bazel-out/k8-fastbuild/bin/build/toolchains/compilation_tests/_objs/hello_lib/hello_lib.pic.d '-frandom-seed=bazel-out/k8-fastbuild/bin/build/toolchains/compilation_tests/_objs/hello_lib/hello_lib.pic.o' -fPIC -iquote . -iquote bazel-out/k8-fastbuild/bin '--sysroot=external/toolchain_x86_64/x86_64-unknown-linux-gnu/sysroot' -fno-canonical-system-headers -Wno-builtin-macro-redefined '-D__DATE__="redacted"' '-D__TIMESTAMP__="redacted"' '-D__TIME__="redacted"' -isystem external/toolchain_x86_64/lib/gcc/x86_64-unknown-linux-gnu/11.2.0/include -isystem external/toolchain_x86_64/lib/gcc/x86_64-unknown-linux-gnu/11.2.0/include-fixed -isystem external/toolchain_x86_64/include -isystem external/toolchain_x86_64/x86_64-unknown-linux-gnu/sysroot/usr/include -isystem external/toolchain_x86_64/x86_64-unknown-linux-gnu/include/c++/11.2.0 -isystem external/toolchain_x86_64/x86_64-unknown-linux-gnu/include/c++/11.2.0/x86_64-unknown-linux-gnu -isystem external/toolchain_x86_64/x86_64-unknown-linux-gnu/include/c++/11.2.0/backward -c build/toolchains/compilation_tests/hello_lib.cc -o bazel-out/k8-fastbuild/bin/build/toolchains/compilation_tests/_objs/hello_lib/hello_lib.pic.o)
SUBCOMMAND: # @rules_rust//util/process_wrapper:process_wrapper [action 'Compiling util/process_wrapper/system_posix.cc', configuration: bcd8854ceb32e13d45914db5f5797b1d2d30ac011481082021bc78935802aade, execution platform: @local_config_platform//:host]
(cd /home/photex/.cache/bazel/_bazel_photex/44cbb281fd1fa00427ac3e9c8eeccd6f/execroot/avp && \
  exec env - \
    PATH=/bin:/usr/bin:/usr/local/bin \
    PWD=/proc/self/cwd \
  build/toolchains/x86_64/wrappers/gcc -U_FORTIFY_SOURCE -fstack-protector -Wall -Wunused-but-set-parameter -Wno-free-nonheap-object -fno-omit-frame-pointer -g0 -O2 '-D_FORTIFY_SOURCE=1' -DNDEBUG -ffunction-sections -fdata-sections '-std=c++17' -MD -MF bazel-out/k8-opt-exec-2B5CBBC6/bin/external/rules_rust/util/process_wrapper/_objs/process_wrapper/system_posix.d '-frandom-seed=bazel-out/k8-opt-exec-2B5CBBC6/bin/external/rules_rust/util/process_wrapper/_objs/process_wrapper/system_posix.o' -iquote external/rules_rust -iquote bazel-out/k8-opt-exec-2B5CBBC6/bin/external/rules_rust -iquote external/bazel_tools -iquote bazel-out/k8-opt-exec-2B5CBBC6/bin/external/bazel_tools -g0 -g0 '--sysroot=external/toolchain_x86_64/x86_64-unknown-linux-gnu/sysroot' -fno-canonical-system-headers -Wno-builtin-macro-redefined '-D__DATE__="redacted"' '-D__TIMESTAMP__="redacted"' '-D__TIME__="redacted"' -isystem external/toolchain_x86_64/lib/gcc/x86_64-unknown-linux-gnu/11.2.0/include -isystem external/toolchain_x86_64/lib/gcc/x86_64-unknown-linux-gnu/11.2.0/include-fixed -isystem external/toolchain_x86_64/include -isystem external/toolchain_x86_64/x86_64-unknown-linux-gnu/sysroot/usr/include -isystem external/toolchain_x86_64/x86_64-unknown-linux-gnu/include/c++/11.2.0 -isystem external/toolchain_x86_64/x86_64-unknown-linux-gnu/include/c++/11.2.0/x86_64-unknown-linux-gnu -isystem external/toolchain_x86_64/x86_64-unknown-linux-gnu/include/c++/11.2.0/backward -c external/rules_rust/util/process_wrapper/system_posix.cc -o bazel-out/k8-opt-exec-2B5CBBC6/bin/external/rules_rust/util/process_wrapper/_objs/process_wrapper/system_posix.o)
SUBCOMMAND: # //build/toolchains/compilation_tests:hello [action 'Compiling build/toolchains/compilation_tests/hello_main.cc', configuration: fdf5b52dcec645a88a1ca5ac3b099921e9a82b373c7c33cb77426f4366a12bdc, execution platform: @local_config_platform//:host]
(cd /home/photex/.cache/bazel/_bazel_photex/44cbb281fd1fa00427ac3e9c8eeccd6f/execroot/avp && \
  exec env - \
    PATH=/bin:/usr/bin:/usr/local/bin \
    PWD=/proc/self/cwd \
  build/toolchains/x86_64/wrappers/gcc -U_FORTIFY_SOURCE -fstack-protector -Wall -Wunused-but-set-parameter -Wno-free-nonheap-object -fno-omit-frame-pointer '-std=c++17' -MD -MF bazel-out/k8-fastbuild/bin/build/toolchains/compilation_tests/_objs/hello/hello_main.pic.d '-frandom-seed=bazel-out/k8-fastbuild/bin/build/toolchains/compilation_tests/_objs/hello/hello_main.pic.o' -fPIC -iquote . -iquote bazel-out/k8-fastbuild/bin -iquote external/bazel_tools -iquote bazel-out/k8-fastbuild/bin/external/bazel_tools '--sysroot=external/toolchain_x86_64/x86_64-unknown-linux-gnu/sysroot' -fno-canonical-system-headers -Wno-builtin-macro-redefined '-D__DATE__="redacted"' '-D__TIMESTAMP__="redacted"' '-D__TIME__="redacted"' -isystem external/toolchain_x86_64/lib/gcc/x86_64-unknown-linux-gnu/11.2.0/include -isystem external/toolchain_x86_64/lib/gcc/x86_64-unknown-linux-gnu/11.2.0/include-fixed -isystem external/toolchain_x86_64/include -isystem external/toolchain_x86_64/x86_64-unknown-linux-gnu/sysroot/usr/include -isystem external/toolchain_x86_64/x86_64-unknown-linux-gnu/include/c++/11.2.0 -isystem external/toolchain_x86_64/x86_64-unknown-linux-gnu/include/c++/11.2.0/x86_64-unknown-linux-gnu -isystem external/toolchain_x86_64/x86_64-unknown-linux-gnu/include/c++/11.2.0/backward -c build/toolchains/compilation_tests/hello_main.cc -o bazel-out/k8-fastbuild/bin/build/toolchains/compilation_tests/_objs/hello/hello_main.pic.o)
SUBCOMMAND: # //build/toolchains/compilation_tests:hello_c [action 'Compiling build/toolchains/compilation_tests/hello.c', configuration: fdf5b52dcec645a88a1ca5ac3b099921e9a82b373c7c33cb77426f4366a12bdc, execution platform: @local_config_platform//:host]
(cd /home/photex/.cache/bazel/_bazel_photex/44cbb281fd1fa00427ac3e9c8eeccd6f/execroot/avp && \
  exec env - \
    PATH=/bin:/usr/bin:/usr/local/bin \
    PWD=/proc/self/cwd \
  build/toolchains/x86_64/wrappers/gcc -U_FORTIFY_SOURCE -fstack-protector -Wall -Wunused-but-set-parameter -Wno-free-nonheap-object -fno-omit-frame-pointer -MD -MF bazel-out/k8-fastbuild/bin/build/toolchains/compilation_tests/_objs/hello_c/hello.pic.d '-frandom-seed=bazel-out/k8-fastbuild/bin/build/toolchains/compilation_tests/_objs/hello_c/hello.pic.o' -fPIC -iquote . -iquote bazel-out/k8-fastbuild/bin -iquote external/bazel_tools -iquote bazel-out/k8-fastbuild/bin/external/bazel_tools '--sysroot=external/toolchain_x86_64/x86_64-unknown-linux-gnu/sysroot' -fno-canonical-system-headers -Wno-builtin-macro-redefined '-D__DATE__="redacted"' '-D__TIMESTAMP__="redacted"' '-D__TIME__="redacted"' -isystem external/toolchain_x86_64/lib/gcc/x86_64-unknown-linux-gnu/11.2.0/include -isystem external/toolchain_x86_64/lib/gcc/x86_64-unknown-linux-gnu/11.2.0/include-fixed -isystem external/toolchain_x86_64/include -isystem external/toolchain_x86_64/x86_64-unknown-linux-gnu/sysroot/usr/include -isystem external/toolchain_x86_64/x86_64-unknown-linux-gnu/include/c++/11.2.0 -isystem external/toolchain_x86_64/x86_64-unknown-linux-gnu/include/c++/11.2.0/x86_64-unknown-linux-gnu -isystem external/toolchain_x86_64/x86_64-unknown-linux-gnu/include/c++/11.2.0/backward -c build/toolchains/compilation_tests/hello.c -o bazel-out/k8-fastbuild/bin/build/toolchains/compilation_tests/_objs/hello_c/hello.pic.o)
SUBCOMMAND: # //build/toolchains/compilation_tests:hello_c [action 'Linking build/toolchains/compilation_tests/hello_c', configuration: fdf5b52dcec645a88a1ca5ac3b099921e9a82b373c7c33cb77426f4366a12bdc, execution platform: @local_config_platform//:host]
(cd /home/photex/.cache/bazel/_bazel_photex/44cbb281fd1fa00427ac3e9c8eeccd6f/execroot/avp && \
  exec env - \
    PATH=/bin:/usr/bin:/usr/local/bin \
    PWD=/proc/self/cwd \
  build/toolchains/x86_64/wrappers/gcc @bazel-out/k8-fastbuild/bin/build/toolchains/compilation_tests/hello_c-2.params)
SUBCOMMAND: # //build/toolchains/compilation_tests:hello_lib [action 'Linking build/toolchains/compilation_tests/libhello_lib.a', configuration: fdf5b52dcec645a88a1ca5ac3b099921e9a82b373c7c33cb77426f4366a12bdc, execution platform: @local_config_platform//:host]
(cd /home/photex/.cache/bazel/_bazel_photex/44cbb281fd1fa00427ac3e9c8eeccd6f/execroot/avp && \
  exec env - \
    PATH=/bin:/usr/bin:/usr/local/bin \
    PWD=/proc/self/cwd \
  build/toolchains/x86_64/wrappers/ar @bazel-out/k8-fastbuild/bin/build/toolchains/compilation_tests/libhello_lib.a-2.params)
SUBCOMMAND: # //build/toolchains/compilation_tests:hello_lib [action 'Linking build/toolchains/compilation_tests/libhello_lib.so', configuration: fdf5b52dcec645a88a1ca5ac3b099921e9a82b373c7c33cb77426f4366a12bdc, execution platform: @local_config_platform//:host]
(cd /home/photex/.cache/bazel/_bazel_photex/44cbb281fd1fa00427ac3e9c8eeccd6f/execroot/avp && \
  exec env - \
    PATH=/bin:/usr/bin:/usr/local/bin \
    PWD=/proc/self/cwd \
  build/toolchains/x86_64/wrappers/gcc @bazel-out/k8-fastbuild/bin/build/toolchains/compilation_tests/libhello_lib.so-2.params)
[21 / 27] Compiling util/process_wrapper/process_wrapper.cc; 0s linux-sandbox ... (3 actions, 2 running)
SUBCOMMAND: # //build/toolchains/compilation_tests:hello [action 'Linking build/toolchains/compilation_tests/hello', configuration: fdf5b52dcec645a88a1ca5ac3b099921e9a82b373c7c33cb77426f4366a12bdc, execution platform: @local_config_platform//:host]
(cd /home/photex/.cache/bazel/_bazel_photex/44cbb281fd1fa00427ac3e9c8eeccd6f/execroot/avp && \
  exec env - \
    PATH=/bin:/usr/bin:/usr/local/bin \
    PWD=/proc/self/cwd \
  build/toolchains/x86_64/wrappers/gcc @bazel-out/k8-fastbuild/bin/build/toolchains/compilation_tests/hello-2.params)
SUBCOMMAND: # @rules_rust//util/process_wrapper:process_wrapper [action 'Linking external/rules_rust/util/process_wrapper/process_wrapper', configuration: bcd8854ceb32e13d45914db5f5797b1d2d30ac011481082021bc78935802aade, execution platform: @local_config_platform//:host]
(cd /home/photex/.cache/bazel/_bazel_photex/44cbb281fd1fa00427ac3e9c8eeccd6f/execroot/avp && \
  exec env - \
    PATH=/bin:/usr/bin:/usr/local/bin \
    PWD=/proc/self/cwd \
  build/toolchains/x86_64/wrappers/gcc @bazel-out/k8-opt-exec-2B5CBBC6/bin/external/rules_rust/util/process_wrapper/process_wrapper-2.params)
SUBCOMMAND: # //build/toolchains/compilation_tests:hello_rs [action 'Compiling Rust bin hello_rs (1 files)', configuration: fdf5b52dcec645a88a1ca5ac3b099921e9a82b373c7c33cb77426f4366a12bdc, execution platform: @local_config_platform//:host]
(cd /home/photex/.cache/bazel/_bazel_photex/44cbb281fd1fa00427ac3e9c8eeccd6f/execroot/avp && \
  exec env - \
    CARGO_CFG_TARGET_ARCH=x86_64 \
    CARGO_CFG_TARGET_OS=linux \
    CARGO_CRATE_NAME=hello_rs \
    CARGO_MANIFEST_DIR='${pwd}/build/toolchains/compilation_tests' \
    CARGO_PKG_AUTHORS='' \
    CARGO_PKG_DESCRIPTION='' \
    CARGO_PKG_HOMEPAGE='' \
    CARGO_PKG_NAME=hello_rs \
    CARGO_PKG_VERSION=0.0.0 \
    CARGO_PKG_VERSION_MAJOR=0 \
    CARGO_PKG_VERSION_MINOR=0 \
    CARGO_PKG_VERSION_PATCH=0 \
    CARGO_PKG_VERSION_PRE='' \
    SYSROOT=../rust_linux_x86_64/lib/rustlib/x86_64-unknown-linux-gnu/lib \
  bazel-out/k8-opt-exec-2B5CBBC6/bin/external/rules_rust/util/process_wrapper/process_wrapper --subst 'pwd=${pwd}' -- external/rust_linux_x86_64/bin/rustc build/toolchains/compilation_tests/hello_main.rs '--crate-name=hello_rs' '--crate-type=bin' '--error-format=human' '--codegen=metadata=' '--out-dir=bazel-out/k8-fastbuild/bin/build/toolchains/compilation_tests' '--codegen=extra-filename=' '--codegen=opt-level=0' '--codegen=debuginfo=0' '--remap-path-prefix=${pwd}=.' '--emit=dep-info,link' '--color=always' '--target=x86_64-unknown-linux-gnu' -L external/rust_linux_x86_64/lib/rustlib/x86_64-unknown-linux-gnu/lib '--edition=2018' '--codegen=linker=build/toolchains/x86_64/wrappers/gcc' --codegen 'link-args=-fuse-ld=bfd -Wl,-no-as-needed -Wl,-z,relro,-z,now -Bexternal/toolchain_x86_64/x86_64-unknown-linux-gnu/bin -pass-exit-codes -Lexternal/toolchain_x86_64/x86_64-unknown-linux-gnu/lib64 -l:libstdc++.a -lm --sysroot=external/toolchain_x86_64/x86_64-unknown-linux-gnu/sysroot' -C 'link-arg=bazel-out/k8-fastbuild/bin/build/toolchains/compilation_tests/libhello_lib.a')
ERROR: /home/photex/projects/kopernikus/toolchain_test/build/toolchains/compilation_tests/BUILD:12:12: Compiling Rust bin hello_rs (1 files) failed: (Exit 1): process_wrapper failed: error executing command bazel-out/k8-opt-exec-2B5CBBC6/bin/external/rules_rust/util/process_wrapper/process_wrapper --subst 'pwd=${pwd}' -- external/rust_linux_x86_64/bin/rustc build/toolchains/compilation_tests/hello_main.rs ... (remaining 20 argument(s) skipped)

Use --sandbox_debug to see verbose messages from the sandbox
error: linking with `build/toolchains/x86_64/wrappers/gcc` failed: exit status: 1
  |
  = note: "build/toolchains/x86_64/wrappers/gcc" "-m64" "bazel-out/k8-fastbuild/bin/build/toolchains/compilation_tests/hello_rs.hello_rs.6a633e5f-cgu.0.rcgu.o" "bazel-out/k8-fastbuild/bin/build/toolchains/compilation_tests/hello_rs.hello_rs.6a633e5f-cgu.1.rcgu.o" "bazel-out/k8-fastbuild/bin/build/toolchains/compilation_tests/hello_rs.hello_rs.6a633e5f-cgu.2.rcgu.o" "bazel-out/k8-fastbuild/bin/build/toolchains/compilation_tests/hello_rs.hello_rs.6a633e5f-cgu.3.rcgu.o" "bazel-out/k8-fastbuild/bin/build/toolchains/compilation_tests/hello_rs.hello_rs.6a633e5f-cgu.4.rcgu.o" "bazel-out/k8-fastbuild/bin/build/toolchains/compilation_tests/hello_rs.hello_rs.6a633e5f-cgu.5.rcgu.o" "bazel-out/k8-fastbuild/bin/build/toolchains/compilation_tests/hello_rs.hello_rs.6a633e5f-cgu.6.rcgu.o" "bazel-out/k8-fastbuild/bin/build/toolchains/compilation_tests/hello_rs.hello_rs.6a633e5f-cgu.7.rcgu.o" "bazel-out/k8-fastbuild/bin/build/toolchains/compilation_tests/hello_rs.hello_rs.6a633e5f-cgu.8.rcgu.o" "bazel-out/k8-fastbuild/bin/build/toolchains/compilation_tests/hello_rs.2adheujcu28eik4y.rcgu.o" "-Wl,--as-needed" "-L" "external/rust_linux_x86_64/lib/rustlib/x86_64-unknown-linux-gnu/lib" "-L" "/home/photex/.cache/bazel/_bazel_photex/44cbb281fd1fa00427ac3e9c8eeccd6f/external/rust_linux_x86_64/lib/rustlib/x86_64-unknown-linux-gnu/lib" "-Wl,--start-group" "-Wl,-Bstatic" "/home/photex/.cache/bazel/_bazel_photex/44cbb281fd1fa00427ac3e9c8eeccd6f/external/rust_linux_x86_64/lib/rustlib/x86_64-unknown-linux-gnu/lib/libstd-008055cc7d873802.rlib" "/home/photex/.cache/bazel/_bazel_photex/44cbb281fd1fa00427ac3e9c8eeccd6f/external/rust_linux_x86_64/lib/rustlib/x86_64-unknown-linux-gnu/lib/libpanic_unwind-06f01ac2578bda94.rlib" "/home/photex/.cache/bazel/_bazel_photex/44cbb281fd1fa00427ac3e9c8eeccd6f/external/rust_linux_x86_64/lib/rustlib/x86_64-unknown-linux-gnu/lib/libminiz_oxide-f9a3c3274a1835e0.rlib" "/home/photex/.cache/bazel/_bazel_photex/44cbb281fd1fa00427ac3e9c8eeccd6f/external/rust_linux_x86_64/lib/rustlib/x86_64-unknown-linux-gnu/lib/libadler-d4cbb754ee9f4daa.rlib" "/home/photex/.cache/bazel/_bazel_photex/44cbb281fd1fa00427ac3e9c8eeccd6f/external/rust_linux_x86_64/lib/rustlib/x86_64-unknown-linux-gnu/lib/libobject-95c14e1c1e3ebcc4.rlib" "/home/photex/.cache/bazel/_bazel_photex/44cbb281fd1fa00427ac3e9c8eeccd6f/external/rust_linux_x86_64/lib/rustlib/x86_64-unknown-linux-gnu/lib/libaddr2line-d489f0ca872880cc.rlib" "/home/photex/.cache/bazel/_bazel_photex/44cbb281fd1fa00427ac3e9c8eeccd6f/external/rust_linux_x86_64/lib/rustlib/x86_64-unknown-linux-gnu/lib/libgimli-75f07df0b18fea39.rlib" "/home/photex/.cache/bazel/_bazel_photex/44cbb281fd1fa00427ac3e9c8eeccd6f/external/rust_linux_x86_64/lib/rustlib/x86_64-unknown-linux-gnu/lib/libstd_detect-0c35b278736219a2.rlib" "/home/photex/.cache/bazel/_bazel_photex/44cbb281fd1fa00427ac3e9c8eeccd6f/external/rust_linux_x86_64/lib/rustlib/x86_64-unknown-linux-gnu/lib/librustc_demangle-e530649c9a06e3c6.rlib" "/home/photex/.cache/bazel/_bazel_photex/44cbb281fd1fa00427ac3e9c8eeccd6f/external/rust_linux_x86_64/lib/rustlib/x86_64-unknown-linux-gnu/lib/libhashbrown-6b148909d375a785.rlib" "/home/photex/.cache/bazel/_bazel_photex/44cbb281fd1fa00427ac3e9c8eeccd6f/external/rust_linux_x86_64/lib/rustlib/x86_64-unknown-linux-gnu/lib/librustc_std_workspace_alloc-cd15fa647f4775d1.rlib" "/home/photex/.cache/bazel/_bazel_photex/44cbb281fd1fa00427ac3e9c8eeccd6f/external/rust_linux_x86_64/lib/rustlib/x86_64-unknown-linux-gnu/lib/libunwind-74be3a703f788ba2.rlib" "/home/photex/.cache/bazel/_bazel_photex/44cbb281fd1fa00427ac3e9c8eeccd6f/external/rust_linux_x86_64/lib/rustlib/x86_64-unknown-linux-gnu/lib/libcfg_if-8f2c5b445c28b2e3.rlib" "/home/photex/.cache/bazel/_bazel_photex/44cbb281fd1fa00427ac3e9c8eeccd6f/external/rust_linux_x86_64/lib/rustlib/x86_64-unknown-linux-gnu/lib/liblibc-8480e85e0be96197.rlib" "/home/photex/.cache/bazel/_bazel_photex/44cbb281fd1fa00427ac3e9c8eeccd6f/external/rust_linux_x86_64/lib/rustlib/x86_64-unknown-linux-gnu/lib/liballoc-ac23a75f6f42004e.rlib" "/home/photex/.cache/bazel/_bazel_photex/44cbb281fd1fa00427ac3e9c8eeccd6f/external/rust_linux_x86_64/lib/rustlib/x86_64-unknown-linux-gnu/lib/librustc_std_workspace_core-557ba8776e04d182.rlib" "/home/photex/.cache/bazel/_bazel_photex/44cbb281fd1fa00427ac3e9c8eeccd6f/external/rust_linux_x86_64/lib/rustlib/x86_64-unknown-linux-gnu/lib/libcore-4beb03d03503c439.rlib" "-Wl,--end-group" "/home/photex/.cache/bazel/_bazel_photex/44cbb281fd1fa00427ac3e9c8eeccd6f/external/rust_linux_x86_64/lib/rustlib/x86_64-unknown-linux-gnu/lib/libcompiler_builtins-dd7db1bec6909f24.rlib" "-Wl,-Bdynamic" "-lgcc_s" "-lutil" "-lrt" "-lpthread" "-lm" "-ldl" "-lc" "-Wl,--eh-frame-hdr" "-Wl,-znoexecstack" "-L" "/home/photex/.cache/bazel/_bazel_photex/44cbb281fd1fa00427ac3e9c8eeccd6f/external/rust_linux_x86_64/lib/rustlib/x86_64-unknown-linux-gnu/lib" "-o" "bazel-out/k8-fastbuild/bin/build/toolchains/compilation_tests/hello_rs" "-Wl,--gc-sections" "-pie" "-Wl,-zrelro" "-Wl,-znow" "-nodefaultlibs" "-fuse-ld=bfd" "-Wl,-no-as-needed" "-Wl,-z,relro,-z,now" "-Bexternal/toolchain_x86_64/x86_64-unknown-linux-gnu/bin" "-pass-exit-codes" "-Lexternal/toolchain_x86_64/x86_64-unknown-linux-gnu/lib64" "-l:libstdc++.a" "-lm" "--sysroot=external/toolchain_x86_64/x86_64-unknown-linux-gnu/sysroot" "bazel-out/k8-fastbuild/bin/build/toolchains/compilation_tests/libhello_lib.a"
  = note: external/toolchain_x86_64/x86_64-unknown-linux-gnu/bin/ld.bfd: bazel-out/k8-fastbuild/bin/build/toolchains/compilation_tests/libhello_lib.a(hello_lib.pic.o): in function `say_hi':
          hello_lib.cc:(.text+0xf): undefined reference to `operator new(unsigned long)'
          external/toolchain_x86_64/x86_64-unknown-linux-gnu/bin/ld.bfd: bazel-out/k8-fastbuild/bin/build/toolchains/compilation_tests/libhello_lib.a(hello_lib.pic.o): in function `say_howdy':
          hello_lib.cc:(.text+0x94): undefined reference to `operator new(unsigned long)'
          external/toolchain_x86_64/x86_64-unknown-linux-gnu/bin/ld.bfd: bazel-out/k8-fastbuild/bin/build/toolchains/compilation_tests/libhello_lib.a(hello_lib.pic.o): in function `kpns::Howdy::greet()':
          hello_lib.cc:(.text+0x177): undefined reference to `std::cout'
          external/toolchain_x86_64/x86_64-unknown-linux-gnu/bin/ld.bfd: hello_lib.cc:(.text+0x17f): undefined reference to `std::basic_ostream<char, std::char_traits<char> >& std::operator<< <std::char_traits<char> >(std::basic_ostream<char, std::char_traits<char> >&, char const*)'
          external/toolchain_x86_64/x86_64-unknown-linux-gnu/bin/ld.bfd: hello_lib.cc:(.text+0x186): undefined reference to `std::basic_ostream<char, std::char_traits<char> >& std::endl<char, std::char_traits<char> >(std::basic_ostream<char, std::char_traits<char> >&)'
          external/toolchain_x86_64/x86_64-unknown-linux-gnu/bin/ld.bfd: hello_lib.cc:(.text+0x191): undefined reference to `std::ostream::operator<<(std::ostream& (*)(std::ostream&))'
          external/toolchain_x86_64/x86_64-unknown-linux-gnu/bin/ld.bfd: bazel-out/k8-fastbuild/bin/build/toolchains/compilation_tests/libhello_lib.a(hello_lib.pic.o): in function `kpns::Hi::greet()':
          hello_lib.cc:(.text+0x1b5): undefined reference to `std::cout'
          external/toolchain_x86_64/x86_64-unknown-linux-gnu/bin/ld.bfd: hello_lib.cc:(.text+0x1bd): undefined reference to `std::basic_ostream<char, std::char_traits<char> >& std::operator<< <std::char_traits<char> >(std::basic_ostream<char, std::char_traits<char> >&, char const*)'
          external/toolchain_x86_64/x86_64-unknown-linux-gnu/bin/ld.bfd: hello_lib.cc:(.text+0x1c4): undefined reference to `std::basic_ostream<char, std::char_traits<char> >& std::endl<char, std::char_traits<char> >(std::basic_ostream<char, std::char_traits<char> >&)'
          external/toolchain_x86_64/x86_64-unknown-linux-gnu/bin/ld.bfd: hello_lib.cc:(.text+0x1cf): undefined reference to `std::ostream::operator<<(std::ostream& (*)(std::ostream&))'
          external/toolchain_x86_64/x86_64-unknown-linux-gnu/bin/ld.bfd: bazel-out/k8-fastbuild/bin/build/toolchains/compilation_tests/libhello_lib.a(hello_lib.pic.o): in function `__static_initialization_and_destruction_0(int, int)':
          hello_lib.cc:(.text+0x202): undefined reference to `std::ios_base::Init::Init()'
          external/toolchain_x86_64/x86_64-unknown-linux-gnu/bin/ld.bfd: hello_lib.cc:(.text+0x21d): undefined reference to `std::ios_base::Init::~Init()'
          external/toolchain_x86_64/x86_64-unknown-linux-gnu/bin/ld.bfd: bazel-out/k8-fastbuild/bin/build/toolchains/compilation_tests/libhello_lib.a(hello_lib.pic.o): in function `std::default_delete<kpns::Greeting>::operator()(kpns::Greeting*) const':
          hello_lib.cc:(.text._ZNKSt14default_deleteIN4kpns8GreetingEEclEPS1_[_ZNKSt14default_deleteIN4kpns8GreetingEEclEPS1_]+0x22): undefined reference to `operator delete(void*, unsigned long)'
          external/toolchain_x86_64/x86_64-unknown-linux-gnu/bin/ld.bfd: bazel-out/k8-fastbuild/bin/build/toolchains/compilation_tests/libhello_lib.a(hello_lib.pic.o):(.data.rel.ro._ZTIN4kpns2HiE[_ZTIN4kpns2HiE]+0x0): undefined reference to `vtable for __cxxabiv1::__si_class_type_info'
          external/toolchain_x86_64/x86_64-unknown-linux-gnu/bin/ld.bfd: bazel-out/k8-fastbuild/bin/build/toolchains/compilation_tests/libhello_lib.a(hello_lib.pic.o):(.data.rel.ro._ZTIN4kpns5HowdyE[_ZTIN4kpns5HowdyE]+0x0): undefined reference to `vtable for __cxxabiv1::__si_class_type_info'
          external/toolchain_x86_64/x86_64-unknown-linux-gnu/bin/ld.bfd: bazel-out/k8-fastbuild/bin/build/toolchains/compilation_tests/libhello_lib.a(hello_lib.pic.o):(.data.rel.ro._ZTIN4kpns8GreetingE[_ZTIN4kpns8GreetingE]+0x0): undefined reference to `vtable for __cxxabiv1::__class_type_info'
          external/toolchain_x86_64/x86_64-unknown-linux-gnu/bin/ld.bfd: bazel-out/k8-fastbuild/bin/build/toolchains/compilation_tests/libhello_lib.a(hello_lib.pic.o):(.data.rel.local.DW.ref.__gxx_personality_v0[DW.ref.__gxx_personality_v0]+0x0): undefined reference to `__gxx_personality_v0'
          collect2: error: ld returned 1 exit status
          
  = help: some `extern` functions couldn't be found; some native libraries may need to be installed or have their path specified
  = note: use the `-l` flag to specify native libraries to link
  = note: use the `cargo:rustc-link-lib` directive to specify the native libraries to link with Cargo (see https://doc.rust-lang.org/cargo/reference/build-scripts.html#cargorustc-link-libkindname)

error: aborting due to previous error

INFO: Elapsed time: 1.975s, Critical Path: 1.39s
INFO: 27 processes: 16 internal, 11 linux-sandbox.
FAILED: Build did NOT complete successfully
FAILED: Build did NOT complete successfully
